c:\users\minlion\desktop\스터디자료\dx12\dxengine\dx11engine\dxengine\x64\debug\vc141.pdb
c:\users\minlion\desktop\스터디자료\dx12\dxengine\dx11engine\dxengine\x64\debug\vc141.idb
c:\users\minlion\desktop\스터디자료\dx12\dxengine\dx11engine\dxengine\x64\debug\systemclass.obj
c:\users\minlion\desktop\스터디자료\dx12\dxengine\dx11engine\dxengine\x64\debug\main.obj
c:\users\minlion\desktop\스터디자료\dx12\dxengine\dx11engine\dxengine\x64\debug\inputclass.obj
c:\users\minlion\desktop\스터디자료\dx12\dxengine\dx11engine\dxengine\x64\debug\graphicsclass.obj
c:\users\minlion\desktop\스터디자료\dx12\dxengine\dx11engine\dxengine\x64\debug\dxengine.pch
c:\users\minlion\desktop\스터디자료\dx12\dxengine\dx11engine\dxengine\x64\debug\stdafx.obj
c:\users\minlion\desktop\스터디자료\dx12\dxengine\dx11engine\dxengine\x64\debug\d3dclass.obj
c:\users\minlion\desktop\스터디자료\dx12\dxengine\dx11engine\x64\debug\dxengine.ilk
c:\users\minlion\desktop\스터디자료\dx12\dxengine\dx11engine\x64\debug\dxengine.exe
c:\users\minlion\desktop\스터디자료\dx12\dxengine\dx11engine\x64\debug\dxengine.pdb
c:\users\minlion\desktop\스터디자료\dx12\dxengine\dx11engine\dxengine\x64\debug\dxengine.res
c:\users\minlion\desktop\스터디자료\dx12\dxengine\dx11engine\dxengine\x64\debug\dxengine.tlog\cl.command.1.tlog
c:\users\minlion\desktop\스터디자료\dx12\dxengine\dx11engine\dxengine\x64\debug\dxengine.tlog\cl.read.1.tlog
c:\users\minlion\desktop\스터디자료\dx12\dxengine\dx11engine\dxengine\x64\debug\dxengine.tlog\cl.write.1.tlog
c:\users\minlion\desktop\스터디자료\dx12\dxengine\dx11engine\dxengine\x64\debug\dxengine.tlog\link.command.1.tlog
c:\users\minlion\desktop\스터디자료\dx12\dxengine\dx11engine\dxengine\x64\debug\dxengine.tlog\link.read.1.tlog
c:\users\minlion\desktop\스터디자료\dx12\dxengine\dx11engine\dxengine\x64\debug\dxengine.tlog\link.write.1.tlog
c:\users\minlion\desktop\스터디자료\dx12\dxengine\dx11engine\dxengine\x64\debug\dxengine.tlog\rc.command.1.tlog
c:\users\minlion\desktop\스터디자료\dx12\dxengine\dx11engine\dxengine\x64\debug\dxengine.tlog\rc.read.1.tlog
c:\users\minlion\desktop\스터디자료\dx12\dxengine\dx11engine\dxengine\x64\debug\dxengine.tlog\rc.write.1.tlog
